\BOOKMARK [1][-]{section.1}{\376\377\000I\000t\000e\000r\000a\000z\000i\000o\000n\000e\000\040\0000}{}% 1
\BOOKMARK [2][-]{subsection.1.1}{\376\377\000I\000n\000t\000r\000o\000d\000u\000z\000i\000o\000n\000e}{section.1}% 2
\BOOKMARK [2][-]{subsection.1.2}{\376\377\000R\000e\000q\000u\000i\000s\000i\000t\000i}{section.1}% 3
\BOOKMARK [2][-]{subsection.1.3}{\376\377\000C\000a\000s\000i\000\040\000d\000'\000U\000s\000o}{section.1}% 4
\BOOKMARK [2][-]{subsection.1.4}{\376\377\000A\000r\000c\000h\000i\000t\000e\000t\000t\000u\000r\000a}{section.1}% 5
\BOOKMARK [2][-]{subsection.1.5}{\376\377\000P\000r\000i\000o\000r\000i\000t\000\340\000\040\000c\000a\000s\000i\000\040\000d\000'\000u\000s\000o}{section.1}% 6
\BOOKMARK [2][-]{subsection.1.6}{\376\377\000T\000o\000p\000o\000l\000o\000g\000i\000a\000\040\000d\000e\000l\000\040\000S\000i\000s\000t\000e\000m\000a}{section.1}% 7
\BOOKMARK [3][-]{subsubsection.1.6.1}{\376\377\000G\000e\000s\000t\000i\000o\000n\000e\000\040\000d\000e\000l\000l\000e\000\040\000c\000o\000m\000u\000n\000i\000c\000a\000z\000i\000o\000n\000i}{subsection.1.6}% 8
\BOOKMARK [3][-]{subsubsection.1.6.2}{\376\377\000A\000r\000c\000h\000i\000t\000e\000t\000t\000u\000r\000a\000\040\000a\000\040\000M\000i\000c\000r\000o\000s\000e\000r\000v\000i\000z\000i}{subsection.1.6}% 9
\BOOKMARK [2][-]{subsection.1.7}{\376\377\000S\000t\000r\000u\000m\000e\000n\000t\000i\000\040\000U\000t\000i\000l\000i\000z\000z\000a\000t\000i}{section.1}% 10
\BOOKMARK [1][-]{section.2}{\376\377\000I\000t\000e\000r\000a\000z\000i\000o\000n\000e\000\040\0001}{}% 11
\BOOKMARK [2][-]{subsection.2.1}{\376\377\000C\000a\000s\000i\000\040\000d\000'\000U\000s\000o\000\040\000I\000m\000p\000l\000e\000m\000e\000n\000t\000a\000t\000i\000\040}{section.2}% 12
\BOOKMARK [3][-]{subsubsection.2.1.1}{\376\377\000U\000C\0001\000:\000\040\000L\000o\000g\000i\000n}{subsection.2.1}% 13
\BOOKMARK [3][-]{subsubsection.2.1.2}{\376\377\000U\000C\0002\000:\000\040\000R\000e\000g\000i\000s\000t\000r\000a\000z\000i\000o\000n\000e}{subsection.2.1}% 14
\BOOKMARK [3][-]{subsubsection.2.1.3}{\376\377\000U\000C\0003\000:\000\040\000L\000o\000g\000o\000u\000t}{subsection.2.1}% 15
\BOOKMARK [3][-]{subsubsection.2.1.4}{\376\377\000U\000C\0007\000:\000\040\000C\000r\000e\000a\000z\000i\000o\000n\000e\000\040\000G\000r\000u\000p\000p\000o}{subsection.2.1}% 16
\BOOKMARK [3][-]{subsubsection.2.1.5}{\376\377\000U\000C\0008\000:\000\040\000I\000n\000v\000i\000t\000a\000\040\000M\000e\000m\000b\000r\000i}{subsection.2.1}% 17
\BOOKMARK [3][-]{subsubsection.2.1.6}{\376\377\000U\000C\0009\000:\000\040\000E\000l\000i\000m\000i\000n\000a\000\040\000M\000e\000m\000b\000r\000i}{subsection.2.1}% 18
\BOOKMARK [3][-]{subsubsection.2.1.7}{\376\377\000U\000C\0001\0000\000:\000\040\000M\000o\000d\000i\000f\000i\000c\000a\000\040\000M\000e\000m\000b\000r\000i}{subsection.2.1}% 19
\BOOKMARK [3][-]{subsubsection.2.1.8}{\376\377\000U\000C\0001\0001\000:\000\040\000E\000l\000i\000m\000i\000n\000a\000z\000i\000o\000n\000e\000\040\000G\000r\000u\000p\000p\000o}{subsection.2.1}% 20
\BOOKMARK [3][-]{subsubsection.2.1.9}{\376\377\000U\000C\0001\0002\000:\000\040\000A\000c\000c\000e\000s\000s\000o\000\040\000a\000\040\000u\000n\000\040\000G\000r\000u\000p\000p\000o}{subsection.2.1}% 21
\BOOKMARK [2][-]{subsection.2.2}{\376\377\000U\000M\000L\000\040\000C\000o\000m\000p\000o\000n\000e\000n\000t\000\040\000D\000i\000a\000g\000r\000a\000m}{section.2}% 22
\BOOKMARK [2][-]{subsection.2.3}{\376\377\000U\000M\000L\000\040\000C\000l\000a\000s\000s\000\040\000D\000i\000a\000g\000r\000a\000m\000\040\000p\000e\000r\000\040\000t\000i\000p\000i\000\040\000d\000i\000\040\000d\000a\000t\000o}{section.2}% 23
